

Microchip MPLAB XC8 Assembler V2.50 build 20240725155939 
                                                                                                           Thu Oct 31 11:28:05 2024


     1                           	processor	18F4580
     2                           	pagewidth 132
     3                           	psect	const,global,reloc=2,class=CONST,space=0,delta=1,noexec
     4                           	psect	smallconst,global,reloc=2,class=SMALLCONST,space=0,delta=1,noexec
     5                           	psect	mediumconst,global,reloc=2,class=MEDIUMCONST,space=0,delta=1,noexec
     6                           	psect	rbss,global,class=COMRAM,space=1,delta=1,noexec
     7                           	psect	bss,global,class=RAM,space=1,delta=1,noexec
     8                           	psect	rdata,global,class=COMRAM,space=1,delta=1,noexec
     9                           	psect	irdata,global,reloc=2,class=CODE,space=0,delta=1,noexec
    10                           	psect	data,global,class=RAM,space=1,delta=1,noexec
    11                           	psect	idata,global,reloc=2,class=CODE,space=0,delta=1,noexec
    12                           	psect	nvrram,global,class=COMRAM,space=1,delta=1,noexec
    13                           	psect	nvbit,global,bit,class=COMRAM,space=1,delta=1,noexec
    14                           	psect	temp,global,ovrld,class=COMRAM,space=1,delta=1,noexec
    15                           	psect	struct,global,ovrld,class=COMRAM,space=1,delta=1,noexec
    16                           	psect	rbit,global,bit,class=COMRAM,space=1,delta=1,noexec
    17                           	psect	bigbss,global,class=BIGRAM,space=1,delta=1,noexec
    18                           	psect	bigdata,global,class=BIGRAM,space=1,delta=1,noexec
    19                           	psect	ibigdata,global,reloc=2,class=CODE,space=0,delta=1,noexec
    20                           	psect	farbss,global,reloc=2,class=FARRAM,space=0,delta=1,noexec
    21                           	psect	nvFARRAM,global,reloc=2,class=FARRAM,space=0,delta=1,noexec
    22                           	psect	fardata,global,reloc=2,class=FARRAM,space=0,delta=1,noexec
    23                           	psect	ifardata,global,reloc=2,class=CODE,space=0,delta=1,noexec
    24                           	psect	reset_vec,global,reloc=2,class=CODE,space=0,delta=1
    25                           	psect	powerup,global,reloc=2,class=CODE,space=0,delta=1
    26                           	psect	init,global,reloc=2,class=CODE,space=0,delta=1
    27                           	psect	text,global,reloc=2,class=CODE,space=0,delta=1
    28                           	psect	clrtext,global,reloc=2,class=CODE,space=0,delta=1
    29                           	psect	config,global,class=CONFIG,space=4,delta=1,noexec
    30                           	psect	idloc,global,class=IDLOC,space=5,delta=1,noexec
    31                           	psect	intcode,global,reloc=2,class=CODE,space=0,delta=1
    32                           	psect	sivt_hi,global,reloc=2,class=CODE,space=0,delta=1
    33                           	psect	intcode_body,global,reloc=2,class=CODE,space=0,delta=1
    34                           	psect	intcodelo,global,reloc=2,class=CODE,space=0,delta=1
    35                           	psect	sivt_lo,global,reloc=2,class=CODE,space=0,delta=1
    36                           	psect	intret,global,reloc=2,class=CODE,space=0,delta=1
    37                           	psect	intentry,global,reloc=2,class=CODE,space=0,delta=1
    38                           	psect	intsave_regs,global,class=BIGRAM,space=1,delta=1
    39                           	psect	eeprom_data,global,class=EEDATA,space=0,delta=1,noexec
    40                           	psect	ramtop,global,class=RAM,space=0,delta=1,noexec
    41                           	psect	stack,global,class=STACK,space=2,delta=1,noexec
    42                           	psect	heap,global,class=HEAP,space=7,delta=1,noexec
    43                           	psect	comram,global,class=COMRAM,space=1,delta=1
    44                           	psect	abs1,global,class=ABS1,space=1,delta=1
    45                           	psect	bigram,global,class=BIGRAM,space=1,delta=1
    46                           	psect	ram,global,class=RAM,space=1,delta=1
    47                           	psect	bank0,global,class=BANK0,space=1,delta=1
    48                           	psect	bank1,global,class=BANK1,space=1,delta=1
    49                           	psect	bank2,global,class=BANK2,space=1,delta=1
    50                           	psect	bank3,global,class=BANK3,space=1,delta=1
    51                           	psect	bank4,global,class=BANK4,space=1,delta=1
    52                           	psect	bank5,global,class=BANK5,space=1,delta=1
    53                           	psect	sfr,global,class=SFR,space=1,delta=1
    54                           	psect	bigsfr,global,class=BIGSFR,space=1,delta=1
    55                           
    56                           ; Microchip MPLAB XC8 C Compiler V2.50
    57                           ; Copyright (C) 2024 Microchip Technology Inc.
    58                           ; Auto-generated runtime startup code for final link stage.
    59                           ;
    60                           ; Compiler options:
    61                           ;
    62                           ; main.c
    63                           ;
    64   000000                     
    65                           ; Generated 25/07/2024 GMT
    66                           ; 
    67                           ; Copyright © 2024, Microchip Technology Inc. and its subsidiaries ("Microchip")
    68                           ; All rights reserved.
    69                           ; 
    70                           ; This software is developed by Microchip Technology Inc. and its subsidiaries ("Microchip").
    71                           ; 
    72                           ; Redistribution and use in source and binary forms, with or without modification, are
    73                           ; permitted provided that the following conditions are met:
    74                           ; 
    75                           ;     1. Redistributions of source code must retain the above copyright notice, this list of
    76                           ;        conditions and the following disclaimer.
    77                           ; 
    78                           ;     2. Redistributions in binary form must reproduce the above copyright notice, this list
    79                           ;        of conditions and the following disclaimer in the documentation and/or other
    80                           ;        materials provided with the distribution. Publication is not required when
    81                           ;        this file is used in an embedded application.
    82                           ; 
    83                           ;     3. Microchip's name may not be used to endorse or promote products derived from this
    84                           ;        software without specific prior written permission.
    85                           ; 
    86                           ; THIS SOFTWARE IS PROVIDED BY MICROCHIP "AS IS" AND ANY EXPRESS OR IMPLIED WARRANTIES,
    87                           ; INCLUDING, BUT NOT LIMITED TO, THE IMPLIED WARRANTIES OF MERCHANTABILITY AND FITNESS FOR
    88                           ; PURPOSE ARE DISCLAIMED.  IN NO EVENT SHALL MICROCHIP BE LIABLE FOR ANY DIRECT, INDIRECT,
    89                           ; INCIDENTAL, SPECIAL, EXEMPLARY, OR CONSEQUENTIAL DAMAGES (INCLUDING BUT NOT LIMITED TO
    90                           ; PROCUREMENT OF SUBSTITUTE GOODS OR SERVICES; LOSS OF USE, DATA OR PROFITS; OR BUSINESS
    91                           ; INTERRUPTION) HOWSOEVER CAUSED AND ON ANY THEORY OF LIABILITY, WHETHER IN CONTRACT, STRICT
    92                           ; LIABILITY, OR TORT (INCLUDING NEGLIGENCE OR OTHERWISE) ARISING IN ANY WAY OUT OF THE USE OF
    93                           ; THIS SOFTWARE, EVEN IF ADVISED OF THE POSSIBILITY OF SUCH DAMAGE.
    94                           ; 
    95                           ; 
    96                           ; Code-generator required, PIC18F4580 Definitions
    97                           ; 
    98                           ; SFR Addresses
    99   000FE0                     bsr             equ	4064
   100   000FE9                     fsr0            equ	4073
   101   000FEA                     fsr0h           equ	4074
   102   000FE9                     fsr0l           equ	4073
   103   000FE1                     fsr1            equ	4065
   104   000FE2                     fsr1h           equ	4066
   105   000FE1                     fsr1l           equ	4065
   106   000FD9                     fsr2            equ	4057
   107   000FDA                     fsr2h           equ	4058
   108   000FD9                     fsr2l           equ	4057
   109   000FEF                     indf0           equ	4079
   110   000FE7                     indf1           equ	4071
   111   000FDF                     indf2           equ	4063
   112   000FF2                     intcon          equ	4082
   113   000000                     nvmcon          equ	0
   114   000FF9                     pcl             equ	4089
   115   000FFA                     pclath          equ	4090
   116   000FFB                     pclatu          equ	4091
   117   000FEB                     plusw0          equ	4075
   118   000FE3                     plusw1          equ	4067
   119   000FDB                     plusw2          equ	4059
   120   000FED                     postdec0        equ	4077
   121   000FE5                     postdec1        equ	4069
   122   000FDD                     postdec2        equ	4061
   123   000FEE                     postinc0        equ	4078
   124   000FE6                     postinc1        equ	4070
   125   000FDE                     postinc2        equ	4062
   126   000FEC                     preinc0         equ	4076
   127   000FE4                     preinc1         equ	4068
   128   000FDC                     preinc2         equ	4060
   129   000FF3                     prod            equ	4083
   130   000FF4                     prodh           equ	4084
   131   000FF3                     prodl           equ	4083
   132   000FD8                     status          equ	4056
   133   000FF5                     tablat          equ	4085
   134   000FF6                     tblptr          equ	4086
   135   000FF7                     tblptrh         equ	4087
   136   000FF6                     tblptrl         equ	4086
   137   000FF8                     tblptru         equ	4088
   138   000FFD                     tosl            equ	4093
   139   000FE8                     wreg            equ	4072
   140   000001                     pic18cxx        equ	1
   141                           
   142                           	psect	smallconst
   143   000600                     __smallconst:
   144                           	callstack 0
   145                           
   146                           	psect	mediumconst
   147   000000                     __mediumconst:
   148                           	callstack 0	; top of RAM usage
   149                           
   150                           	psect	reset_vec
   151   000000                     
   152                           ; No powerup routine
   153                           ; No interrupt routines
   154   000060                     __accesstop     equ	96
   155                           
   156                           ;Initialize the stack pointer (FSR1)
   157   000000                     stacklo         equ	0
   158   000000                     stackhi         equ	0
   159                           
   160                           	psect	init
   161   000000                     start:
   162                           	callstack 0
   163   000000  EF1B  F003         	goto	start_initialization	;jump to C runtime clear & initialization
   164                           
   165                           	psect	text
   166   000000                     intlevel0:
   167                           	callstack 0
   168   000000                     intlevel1:
   169                           	callstack 0
   170   000000                     intlevel2:
   171                           	callstack 0
   172   000000                     intlevel3:
   173                           	callstack 0
   174                           
   175                           	psect	ramtop
   176   000600                     __ramtop:
   177                           	callstack 0
   178                           
   179                           	psect	stack
   180   000000                     ___sp:
   181                           	callstack 0
   182   000000                     ___inthi_sp:
   183                           	callstack 0
   184   000000                     ___intlo_sp:
   185                           	callstack 0
   186   000000                     ___stack_lo:
   187                           	callstack 0
   188   000000                     ___stack_hi:
   189                           	callstack 0
   190   000000                     ___inthi_stack_lo:
   191                           	callstack 0
   192   000000                     ___inthi_stack_hi:
   193                           	callstack 0
   194   000000                     ___intlo_stack_lo:
   195                           	callstack 0
   196   000000                     ___intlo_stack_hi:
   197                           	callstack 0
   198                           
   199                           ; No heap to be allocated
   200                           
   201                           	psect	heap
   202   000000                     ___heap_lo      equ	0
   203   000000                     ___heap_hi      equ	0
   204                           tosu	equ	0xFFF
   205                           tosh	equ	0xFFE
   206                           tosl	equ	0xFFD
   207                           stkptr	equ	0xFFC
   208                           pclatu	equ	0xFFB
   209                           pclath	equ	0xFFA
   210                           pcl	equ	0xFF9
   211                           tblptru	equ	0xFF8
   212                           tblptrh	equ	0xFF7
   213                           tblptrl	equ	0xFF6
   214                           tablat	equ	0xFF5
   215                           prodh	equ	0xFF4
   216                           prodl	equ	0xFF3
   217                           indf0	equ	0xFEF
   218                           postinc0	equ	0xFEE
   219                           postdec0	equ	0xFED
   220                           preinc0	equ	0xFEC
   221                           plusw0	equ	0xFEB
   222                           fsr0h	equ	0xFEA
   223                           fsr0l	equ	0xFE9
   224                           wreg	equ	0xFE8
   225                           indf1	equ	0xFE7
   226                           postinc1	equ	0xFE6
   227                           postdec1	equ	0xFE5
   228                           preinc1	equ	0xFE4
   229                           plusw1	equ	0xFE3
   230                           fsr1h	equ	0xFE2
   231                           fsr1l	equ	0xFE1
   232                           bsr	equ	0xFE0
   233                           indf2	equ	0xFDF
   234                           postinc2	equ	0xFDE
   235                           postdec2	equ	0xFDD
   236                           preinc2	equ	0xFDC
   237                           plusw2	equ	0xFDB
   238                           fsr2h	equ	0xFDA
   239                           fsr2l	equ	0xFD9
   240                           status	equ	0xFD8


Microchip Technology PIC18 Macro Assembler V2.50 build 20240725155939 
Symbol Table                                                                                               Thu Oct 31 11:28:05 2024

                __S1 0003                 ___sp 0000                 _main 0602                 start 0000  
              __HRAM 0000                __LRAM 0001               isa$std 0001     ___inthi_stack_hi 0000  
   ___inthi_stack_lo 0000         __mediumconst 0000               stackhi 0000               stacklo 0000  
         __accesstop 0060           ___inthi_sp 0000           ___intlo_sp 0000           ___stack_hi 0000  
         ___stack_lo 0000     ___intlo_stack_hi 0000     ___intlo_stack_lo 0000              __ramtop 0600  
start_initialization 0636            ___heap_hi 0000            ___heap_lo 0000          __smallconst 0600  
           isa$xinst 0000             intlevel0 0000             intlevel1 0000             intlevel2 0000  
           intlevel3 0000             reset_vec 0000  
